Determining if the pthread_create exist failed with the following output:
Change Dir: /home/hao007/pcl-learning/00base/00pcd_write/build/CMakeFiles/CMakeTmp

Run Build Command:"/usr/bin/make" "cmTC_fb332/fast"
/usr/bin/make -f CMakeFiles/cmTC_fb332.dir/build.make CMakeFiles/cmTC_fb332.dir/build
make[1]: 进入目录“/home/hao007/pcl-learning/00base/00pcd_write/build/CMakeFiles/CMakeTmp”
Building C object CMakeFiles/cmTC_fb332.dir/CheckSymbolExists.c.o
/usr/bin/cc    -o CMakeFiles/cmTC_fb332.dir/CheckSymbolExists.c.o   -c /home/hao007/pcl-learning/00base/00pcd_write/build/CMakeFiles/CMakeTmp/CheckSymbolExists.c
Linking C executable cmTC_fb332
/usr/bin/cmake -E cmake_link_script CMakeFiles/cmTC_fb332.dir/link.txt --verbose=1
/usr/bin/cc      -rdynamic CMakeFiles/cmTC_fb332.dir/CheckSymbolExists.c.o  -o cmTC_fb332 
CMakeFiles/cmTC_fb332.dir/CheckSymbolExists.c.o：在函数‘main’中：
CheckSymbolExists.c:(.text+0x1b)：对‘pthread_create’未定义的引用
collect2: error: ld returned 1 exit status
CMakeFiles/cmTC_fb332.dir/build.make:97: recipe for target 'cmTC_fb332' failed
make[1]: *** [cmTC_fb332] Error 1
make[1]: 离开目录“/home/hao007/pcl-learning/00base/00pcd_write/build/CMakeFiles/CMakeTmp”
Makefile:126: recipe for target 'cmTC_fb332/fast' failed
make: *** [cmTC_fb332/fast] Error 2

File /home/hao007/pcl-learning/00base/00pcd_write/build/CMakeFiles/CMakeTmp/CheckSymbolExists.c:
/* */
#include <pthread.h>

int main(int argc, char** argv)
{
  (void)argv;
#ifndef pthread_create
  return ((int*)(&pthread_create))[argc];
#else
  (void)argc;
  return 0;
#endif
}

Determining if the function pthread_create exists in the pthreads failed with the following output:
Change Dir: /home/hao007/pcl-learning/00base/00pcd_write/build/CMakeFiles/CMakeTmp

Run Build Command:"/usr/bin/make" "cmTC_13cfb/fast"
/usr/bin/make -f CMakeFiles/cmTC_13cfb.dir/build.make CMakeFiles/cmTC_13cfb.dir/build
make[1]: 进入目录“/home/hao007/pcl-learning/00base/00pcd_write/build/CMakeFiles/CMakeTmp”
Building C object CMakeFiles/cmTC_13cfb.dir/CheckFunctionExists.c.o
/usr/bin/cc   -DCHECK_FUNCTION_EXISTS=pthread_create   -o CMakeFiles/cmTC_13cfb.dir/CheckFunctionExists.c.o   -c /usr/share/cmake-3.10/Modules/CheckFunctionExists.c
Linking C executable cmTC_13cfb
/usr/bin/cmake -E cmake_link_script CMakeFiles/cmTC_13cfb.dir/link.txt --verbose=1
/usr/bin/cc  -DCHECK_FUNCTION_EXISTS=pthread_create    -rdynamic CMakeFiles/cmTC_13cfb.dir/CheckFunctionExists.c.o  -o cmTC_13cfb -lpthreads 
/usr/bin/ld: 找不到 -lpthreads
collect2: error: ld returned 1 exit status
CMakeFiles/cmTC_13cfb.dir/build.make:97: recipe for target 'cmTC_13cfb' failed
make[1]: *** [cmTC_13cfb] Error 1
make[1]: 离开目录“/home/hao007/pcl-learning/00base/00pcd_write/build/CMakeFiles/CMakeTmp”
Makefile:126: recipe for target 'cmTC_13cfb/fast' failed
make: *** [cmTC_13cfb/fast] Error 2


